TN:
SF:C:\Users\kaysi.DESKTOP-C2783I5\Desktop\Curso TDD Angular\IntroPruebasUnitarias\src\polyfills.ts
FNF:0
FNH:0
LF:0
LH:0
BRF:0
BRH:0
end_of_record
TN:
SF:C:\Users\kaysi.DESKTOP-C2783I5\Desktop\Curso TDD Angular\IntroPruebasUnitarias\src\test.ts
FNF:0
FNH:0
DA:6,1
DA:8,1
DA:10,1
LF:3
LH:3
BRF:0
BRH:0
end_of_record
TN:
SF:C:\Users\kaysi.DESKTOP-C2783I5\Desktop\Curso TDD Angular\IntroPruebasUnitarias\src\app\app.component.ts
FN:1,(anonymous_0)
FN:7,(anonymous_1)
FN:12,(anonymous_2)
FN:13,AppComponent
FN:19,(anonymous_4)
FN:22,(anonymous_5)
FN:25,(anonymous_6)
FN:27,(anonymous_7)
FNF:8
FNH:8
FNDA:1,(anonymous_0)
FNDA:1,(anonymous_1)
FNDA:1,(anonymous_2)
FNDA:7,AppComponent
FNDA:1,(anonymous_4)
FNDA:2,(anonymous_5)
FNDA:1,(anonymous_6)
FNDA:1,(anonymous_7)
DA:1,1
DA:2,1
DA:3,1
DA:4,2
DA:5,1
DA:7,1
DA:8,1
DA:12,1
DA:14,7
DA:15,7
DA:16,7
DA:17,7
DA:19,1
DA:20,1
DA:22,1
DA:23,2
DA:25,1
DA:26,1
DA:27,1
DA:28,1
DA:29,1
DA:32,1
DA:40,1
LF:23
LH:23
BRDA:1,0,0,1
BRDA:1,0,1,0
BRDA:1,0,2,1
BRDA:2,1,0,1
BRDA:2,1,1,0
BRDA:2,2,0,0
BRDA:2,2,1,0
BRDA:3,3,0,0
BRDA:3,3,1,1
BRDA:3,4,0,1
BRDA:3,4,1,1
BRDA:4,5,0,2
BRDA:4,5,1,0
BRDA:4,6,0,2
BRDA:4,6,1,1
BRDA:4,7,0,2
BRDA:4,7,1,0
BRDA:4,8,0,0
BRDA:4,8,1,0
BRDA:5,9,0,1
BRDA:5,9,1,0
BRDA:5,9,2,0
BRDA:7,10,0,1
BRDA:7,10,1,0
BRDA:7,10,2,1
BRDA:8,11,0,1
BRDA:8,11,1,0
BRDA:8,12,0,1
BRDA:8,12,1,1
BRDA:23,13,0,1
BRDA:23,13,1,1
BRF:31
BRH:18
end_of_record
TN:
SF:C:\Users\kaysi.DESKTOP-C2783I5\Desktop\Curso TDD Angular\IntroPruebasUnitarias\src\app\services\user.service.ts
FN:1,(anonymous_0)
FN:7,(anonymous_1)
FN:12,(anonymous_2)
FN:13,UserService
FN:17,(anonymous_4)
FNF:5
FNH:5
FNDA:1,(anonymous_0)
FNDA:1,(anonymous_1)
FNDA:1,(anonymous_2)
FNDA:8,UserService
FNDA:1,(anonymous_4)
DA:1,1
DA:2,1
DA:3,1
DA:4,2
DA:5,1
DA:7,1
DA:8,1
DA:12,1
DA:14,8
DA:15,8
DA:17,1
DA:18,1
DA:20,1
DA:26,1
LF:14
LH:14
BRDA:1,0,0,1
BRDA:1,0,1,0
BRDA:1,0,2,1
BRDA:2,1,0,1
BRDA:2,1,1,0
BRDA:2,2,0,0
BRDA:2,2,1,0
BRDA:3,3,0,0
BRDA:3,3,1,1
BRDA:3,4,0,1
BRDA:3,4,1,1
BRDA:4,5,0,2
BRDA:4,5,1,0
BRDA:4,6,0,2
BRDA:4,6,1,1
BRDA:4,7,0,2
BRDA:4,7,1,0
BRDA:4,8,0,0
BRDA:4,8,1,0
BRDA:5,9,0,1
BRDA:5,9,1,0
BRDA:5,9,2,0
BRDA:7,10,0,1
BRDA:7,10,1,0
BRDA:7,10,2,1
BRDA:8,11,0,1
BRDA:8,11,1,0
BRDA:8,12,0,1
BRDA:8,12,1,1
BRF:29
BRH:16
end_of_record
